<?xml version="1.0" encoding="UTF-8"?>
<testng-results ignored="0" total="1" passed="1" failed="0" skipped="0">
  <reporter-output>
  </reporter-output>
  <suite started-at="2024-06-14T10:51:53Z" name="Default suite" finished-at="2024-06-14T10:52:26Z" duration-ms="32515">
    <groups>
    </groups>
    <test started-at="2024-06-14T10:51:53Z" name="Default test" finished-at="2024-06-14T10:52:26Z" duration-ms="32515">
      <class name="TestScripts.VerifyingAddToCartFunctionality">
        <test-method is-config="true" signature="setUp()[pri:0, instance:TestScripts.VerifyingAddToCartFunctionality@3e6104fc]" started-at="2024-06-14T10:51:53Z" name="setUp" finished-at="2024-06-14T10:52:05Z" duration-ms="11806" status="PASS">
          <reporter-output>
          </reporter-output>
        </test-method> <!-- setUp -->
        <test-method signature="addToCartFunctionality()[pri:0, instance:TestScripts.VerifyingAddToCartFunctionality@3e6104fc]" started-at="2024-06-14T10:52:05Z" name="addToCartFunctionality" finished-at="2024-06-14T10:52:26Z" duration-ms="20602" status="PASS">
          <reporter-output>
          </reporter-output>
        </test-method> <!-- addToCartFunctionality -->
        <test-method is-config="true" signature="tearDown()[pri:0, instance:TestScripts.VerifyingAddToCartFunctionality@3e6104fc]" started-at="2024-06-14T10:52:26Z" name="tearDown" finished-at="2024-06-14T10:52:26Z" duration-ms="0" status="PASS">
          <reporter-output>
          </reporter-output>
        </test-method> <!-- tearDown -->
      </class> <!-- TestScripts.VerifyingAddToCartFunctionality -->
    </test> <!-- Default test -->
  </suite> <!-- Default suite -->
</testng-results>
